<?xml version="1.0" encoding="UTF-8"?>
<!-- Generated by org.testng.reporters.JUnitXMLReporter -->
<testsuite ignored="0" hostname="DESKTOP-JPUHLHM" failures="0" tests="4" name="Test" time="23.077" errors="0" timestamp="2021-12-17T11:32:54 IST">
  <testcase classname="Framework.validateNavigation" name="basePageNavigation" time="7.795"/>
  <testcase classname="Framework.validateTitle" name="basePageNavigation" time="3.337"/>
  <testcase classname="Framework.HomePage" name="basePageNavigation" time="5.171"/>
  <testcase classname="Framework.HomePage" name="basePageNavigation" time="5.963"/>
</testsuite> <!-- Test -->
