<?xml version="1.0" encoding="UTF-8"?>
<testng-results ignored="0" total="4" passed="4" failed="0" skipped="0">
  <reporter-output>
  </reporter-output>
  <suite started-at="2021-12-20T21:01:11 IST" name="Suite" finished-at="2021-12-20T21:01:27 IST" duration-ms="16257">
    <groups>
    </groups>
    <test started-at="2021-12-20T21:01:11 IST" name="Validating Title" finished-at="2021-12-20T21:01:21 IST" duration-ms="9687">
      <class name="Framework.validateTitle">
        <test-method signature="validateAppTitle()[pri:0, instance:Framework.validateTitle@329a1243]" started-at="2021-12-20T21:01:11 IST" name="validateAppTitle" finished-at="2021-12-20T21:01:20 IST" duration-ms="9179" status="PASS">
          <reporter-output>
          </reporter-output>
        </test-method> <!-- validateAppTitle -->
        <test-method is-config="true" signature="tearDown()[pri:0, instance:Framework.validateTitle@329a1243]" started-at="2021-12-20T21:01:20 IST" name="tearDown" finished-at="2021-12-20T21:01:21 IST" duration-ms="472" status="PASS">
          <reporter-output>
          </reporter-output>
        </test-method> <!-- tearDown -->
      </class> <!-- Framework.validateTitle -->
    </test> <!-- Validating Title -->
    <test started-at="2021-12-20T21:01:11 IST" name="Validate Navigation Bar" finished-at="2021-12-20T21:01:21 IST" duration-ms="9680">
      <class name="Framework.validateNavigation">
        <test-method signature="validateAppNavBar()[pri:0, instance:Framework.validateNavigation@425357dd]" started-at="2021-12-20T21:01:11 IST" name="validateAppNavBar" finished-at="2021-12-20T21:01:19 IST" duration-ms="8086" status="PASS">
          <reporter-output>
          </reporter-output>
        </test-method> <!-- validateAppNavBar -->
        <test-method is-config="true" signature="tearDown()[pri:0, instance:Framework.validateNavigation@425357dd]" started-at="2021-12-20T21:01:19 IST" name="tearDown" finished-at="2021-12-20T21:01:21 IST" duration-ms="1544" status="PASS">
          <reporter-output>
          </reporter-output>
        </test-method> <!-- tearDown -->
      </class> <!-- Framework.validateNavigation -->
    </test> <!-- Validate Navigation Bar -->
    <test started-at="2021-12-20T21:01:11 IST" name="Validation Login Page" finished-at="2021-12-20T21:01:27 IST" duration-ms="16257">
      <class name="Framework.HomePage">
        <test-method signature="basePageNavigation(java.lang.String,java.lang.String,java.lang.String)[pri:0, instance:Framework.HomePage@588ab592]" started-at="2021-12-20T21:01:11 IST" name="basePageNavigation" data-provider="getData" finished-at="2021-12-20T21:01:21 IST" duration-ms="10058" status="PASS">
          <params>
            <param index="0">
              <value>
                <![CDATA[abc@gmailcom]]>
              </value>
            </param>
            <param index="1">
              <value>
                <![CDATA[123456]]>
              </value>
            </param>
            <param index="2">
              <value>
                <![CDATA[Restricted User]]>
              </value>
            </param>
          </params>
          <reporter-output>
          </reporter-output>
        </test-method> <!-- basePageNavigation -->
        <test-method signature="basePageNavigation(java.lang.String,java.lang.String,java.lang.String)[pri:0, instance:Framework.HomePage@588ab592]" started-at="2021-12-20T21:01:21 IST" name="basePageNavigation" data-provider="getData" finished-at="2021-12-20T21:01:26 IST" duration-ms="5379" status="PASS">
          <params>
            <param index="0">
              <value>
                <![CDATA[xyz@gmail.com]]>
              </value>
            </param>
            <param index="1">
              <value>
                <![CDATA[abcdef]]>
              </value>
            </param>
            <param index="2">
              <value>
                <![CDATA[Non Restricted User]]>
              </value>
            </param>
          </params>
          <reporter-output>
          </reporter-output>
        </test-method> <!-- basePageNavigation -->
        <test-method is-config="true" signature="tearDown()[pri:0, instance:Framework.HomePage@588ab592]" started-at="2021-12-20T21:01:26 IST" name="tearDown" finished-at="2021-12-20T21:01:27 IST" duration-ms="780" status="PASS">
          <reporter-output>
          </reporter-output>
        </test-method> <!-- tearDown -->
      </class> <!-- Framework.HomePage -->
    </test> <!-- Validation Login Page -->
  </suite> <!-- Suite -->
</testng-results>
