<?xml version="1.0" encoding="UTF-8"?>
<testsuite xmlns:xsi="http://www.w3.org/2001/XMLSchema-instance" xsi:noNamespaceSchemaLocation="https://maven.apache.org/surefire/maven-surefire-plugin/xsd/surefire-test-report-3.0.xsd" version="3.0" name="TestSuite" time="17.718" tests="4" errors="0" skipped="0" failures="0">
  <properties>
[...]
</properties>
  <testcase name="validateAppNavBar" classname="Framework.validateNavigation" time="8.122">
    <system-err><![CDATA[SLF4J: Failed to load class "org.slf4j.impl.StaticLoggerBinder".
SLF4J: Defaulting to no-operation (NOP) logger implementation
SLF4J: See http://www.slf4j.org/codes.html#StaticLoggerBinder for further details.
Starting ChromeDriver 95.0.4638.17 (a9d0719444d4b035e284ed1fce73bf6ccd789df2-refs/branch-heads/4638@{#178}) on port 62810
Only local connections are allowed.
Please see https://chromedriver.chromium.org/security-considerations for suggestions on keeping ChromeDriver safe.
ChromeDriver was started successfully.
Starting ChromeDriver 9S5.t0.4a6rti3n8g.1 7C h(rao9mde0D7r1i9v4er4 49d54.b00.3456e3288.41e7d 1(fac9ed7037b1f964c4c4dd748b90d3f52e-2r8e4fesd/1bfrcaen7c3hbf-6chcde7a8d9sd/f2-4r6e3f8s@{/#17b8r}a) non cpho-rhte a5d6s3/046138
@O{n#l1y7 8l}o)c aoln  cpoonrnte c5t2i1o6n6s 
aOrnel ya lllocoalw ecdo.nn
ePclteiaosnes  saeree a lhlotwtepds.:/
P/lcheromedriver.chromium.org/secaursiet ys-eceo nhstitdpesr:a/t/icohnrso mfeodrr isvugegr.ecsthiroonmsi uomn. koeerpign/g sCehcruomreiDtryi-vceornsi dseraafte.io
ns for suggestions on keeping ChromeDriver safe.
ChromeDriver was started successfully.
ChromeDriver was started successfully.
[1640014274.511][WARNING]: This version of ChromeDriver has not been tested with Chrome version 96.
[1640014274.937][WARNING]: This version of ChromeDriver has not been tested with Chrome version 96.
[1640014274.981][WARNING]: This version of ChromeDriver has not been tested with Chrome version 96.
Dec 20, 2021 9:01:15 PM org.openqa.selenium.remote.ProtocolHandshake createSession
INFO: Detected dialect: W3C
Dec 20, 2021 9:01:15 PM org.openqa.selenium.remote.ProtocolHandshake createSession
INFO: Detected dialect: W3C
Dec 20, 2021 9:01:15 PM org.openqa.selenium.remote.ProtocolHandshake createSession
INFO: Detected dialect: W3C
Dec 20, 2021 9:01:15 PM org.openqa.selenium.devtools.CdpVersionFinder findNearestMatch
INFO: Found exact CDP implementation for version 96
Dec 20, 2021 9:01:15 PM org.openqa.selenium.devtools.CdpVersionFinder findNearestMatch
INFO: Found exact CDP implementation for version 96
Dec 20, 2021 9:01:15 PM org.openqa.selenium.devtools.CdpVersionFinder findNearestMatch
INFO: Found exact CDP implementation for version 96
]]></system-err>
  </testcase>
  <testcase name="validateAppTitle" classname="Framework.validateTitle" time="9.181"/>
  <testcase name="basePageNavigation[abc@gmailcom, 123456, Restricted User](1)" classname="Framework.HomePage" time="10.06"/>
  <testcase name="basePageNavigation[xyz@gmail.com, abcdef, Non Restricted User](2)" classname="Framework.HomePage" time="5.467">
    <system-err><![CDATA[Starting ChromeDriver 95.0.4638.17 (a9d0719444d4b035e284ed1fce73bf6ccd789df2-refs/branch-heads/4638@{#178}) on port 59389
Only local connections are allowed.
Please see https://chromedriver.chromium.org/security-considerations for suggestions on keeping ChromeDriver safe.
ChromeDriver was started successfully.
[1640014282.810][WARNING]: This version of ChromeDriver has not been tested with Chrome version 96.
Dec 20, 2021 9:01:23 PM org.openqa.selenium.remote.ProtocolHandshake createSession
INFO: Detected dialect: W3C
Dec 20, 2021 9:01:23 PM org.openqa.selenium.devtools.CdpVersionFinder findNearestMatch
INFO: Found exact CDP implementation for version 96
]]></system-err>
  </testcase>
</testsuite>