<?xml version="1.0" encoding="UTF-8"?>
<testng-results ignored="0" total="1" passed="1" failed="0" skipped="0">
  <reporter-output>
  </reporter-output>
  <suite started-at="2021-12-20T20:45:53 IST" name="Default suite" finished-at="2021-12-20T20:45:59 IST" duration-ms="5996">
    <groups>
    </groups>
    <test started-at="2021-12-20T20:45:53 IST" name="Default test" finished-at="2021-12-20T20:45:59 IST" duration-ms="5996">
      <class name="Framework.validateNavigation">
        <test-method signature="validateAppNavBar()[pri:0, instance:Framework.validateNavigation@42f3156d]" started-at="2021-12-20T20:45:53 IST" name="validateAppNavBar" finished-at="2021-12-20T20:45:59 IST" duration-ms="5885" status="PASS">
          <reporter-output>
          </reporter-output>
        </test-method> <!-- validateAppNavBar -->
        <test-method is-config="true" signature="tearDown()[pri:0, instance:Framework.validateNavigation@42f3156d]" started-at="2021-12-20T20:45:59 IST" name="tearDown" finished-at="2021-12-20T20:45:59 IST" duration-ms="67" status="PASS">
          <reporter-output>
          </reporter-output>
        </test-method> <!-- tearDown -->
      </class> <!-- Framework.validateNavigation -->
    </test> <!-- Default test -->
  </suite> <!-- Default suite -->
</testng-results>
